<?xml version="1.0" encoding="UTF-8"?>
<coverage generated="1541365444908" clover="3.2.0">
  <project timestamp="1541365444910" name="All files">
    <metrics statements="13" coveredstatements="10" conditionals="2" coveredconditionals="1" methods="3" coveredmethods="2" elements="18" coveredelements="13" complexity="0" loc="13" ncloc="13" packages="1" files="2" classes="2">
      <file name="HelloWorld.vue" path="C:\Users\Mats\projects\ts-vue-proj\src\components\HelloWorld.vue">
        <metrics statements="12" coveredstatements="10" conditionals="2" coveredconditionals="1" methods="2" coveredmethods="2"/>
        <line num="19" count="1" type="stmt"/>
        <line num="28" count="1" type="stmt"/>
        <line num="102" count="1" type="stmt"/>
        <line num="105" count="1" type="stmt"/>
        <line num="106" count="1" type="stmt"/>
        <line num="107" count="1" type="stmt"/>
        <line num="111" count="0" type="stmt"/>
        <line num="114" count="1" type="stmt"/>
        <line num="115" count="1" type="stmt"/>
        <line num="119" count="1" type="stmt"/>
        <line num="120" count="1" type="cond" truecount="1" falsecount="1"/>
        <line num="121" count="0" type="stmt"/>
      </file>
      <file name="SelectOrList.vue" path="C:\Users\Mats\projects\ts-vue-proj\src\components\SelectOrList.vue">
        <metrics statements="1" coveredstatements="0" conditionals="0" coveredconditionals="0" methods="1" coveredmethods="0"/>
        <line num="19" count="0" type="stmt"/>
      </file>
    </metrics>
  </project>
</coverage>
