{"C:\\Users\\Mats\\projects\\ts-vue-proj\\src\\components\\HelloWorld.vue": {"path":"C:\\Users\\Mats\\projects\\ts-vue-proj\\src\\components\\HelloWorld.vue","statementMap":{"0":{"start":{"line":41,"column":0},"end":{"line":null,"column":-1}},"1":{"start":{"line":62,"column":0},"end":{"line":null,"column":-1}},"2":{"start":{"line":65,"column":0},"end":{"line":null,"column":-1}},"3":{"start":{"line":68,"column":0},"end":{"line":null,"column":-1}},"4":{"start":{"line":69,"column":0},"end":{"line":null,"column":-1}}},"fnMap":{},"branchMap":{},"s":{"0":1,"1":0,"2":0,"3":0,"4":0},"f":{},"b":{}}
}
