{"C:\\Users\\Mats\\projects\\ts-vue-proj\\src\\components\\HelloWorld.vue": {"path":"C:\\Users\\Mats\\projects\\ts-vue-proj\\src\\components\\HelloWorld.vue","statementMap":{"0":{"start":{"line":19,"column":0},"end":{"line":null,"column":-1}},"1":{"start":{"line":28,"column":0},"end":{"line":null,"column":-1}},"2":{"start":{"line":102,"column":0},"end":{"line":null,"column":-1}},"3":{"start":{"line":105,"column":0},"end":{"line":null,"column":-1}},"4":{"start":{"line":106,"column":0},"end":{"line":null,"column":-1}},"5":{"start":{"line":107,"column":0},"end":{"line":null,"column":-1}},"6":{"start":{"line":111,"column":0},"end":{"line":null,"column":-1}},"7":{"start":{"line":114,"column":0},"end":{"line":116,"column":0}},"8":{"start":{"line":115,"column":0},"end":{"line":null,"column":-1}},"9":{"start":{"line":119,"column":0},"end":{"line":123,"column":0}},"10":{"start":{"line":120,"column":0},"end":{"line":122,"column":0}},"11":{"start":{"line":121,"column":0},"end":{"line":null,"column":-1}}},"fnMap":{"0":{"name":"(anonymous_1)","decl":{"start":{"line":114,"column":0},"end":{"line":null,"column":-1}},"loc":{"start":{"line":114,"column":0},"end":{"line":116,"column":0}}},"1":{"name":"(anonymous_2)","decl":{"start":{"line":119,"column":0},"end":{"line":null,"column":-1}},"loc":{"start":{"line":119,"column":0},"end":{"line":123,"column":0}}}},"branchMap":{"0":{"loc":{"start":{"line":120,"column":0},"end":{"line":122,"column":0}},"type":"if","locations":[{"start":{"line":120,"column":0},"end":{"line":122,"column":0}},{"start":{"line":120,"column":0},"end":{"line":122,"column":0}}]}},"s":{"0":1,"1":1,"2":1,"3":1,"4":1,"5":1,"6":0,"7":1,"8":1,"9":1,"10":1,"11":0},"f":{"0":1,"1":1},"b":{"0":[0,1]}}
,"C:\\Users\\Mats\\projects\\ts-vue-proj\\src\\components\\SelectOrList.vue": {"path":"C:\\Users\\Mats\\projects\\ts-vue-proj\\src\\components\\SelectOrList.vue","statementMap":{"0":{"start":{"line":19,"column":0},"end":{"line":null,"column":-1}}},"fnMap":{"0":{"name":"(anonymous_1)","decl":{"start":{"line":19,"column":0},"end":{"line":null,"column":-1}},"loc":{"start":{"line":19,"column":0},"end":{"line":null,"column":-1}}}},"branchMap":{},"s":{"0":0},"f":{"0":0},"b":{}}
}
