TN:
SF:C:\Users\Mats\projects\ts-vue-proj\src\components\HelloWorld.vue
FN:114,(anonymous_1)
FN:119,(anonymous_2)
FNF:2
FNH:2
FNDA:1,(anonymous_1)
FNDA:1,(anonymous_2)
DA:19,1
DA:28,1
DA:102,1
DA:105,1
DA:106,1
DA:107,1
DA:111,0
DA:114,1
DA:115,1
DA:119,1
DA:120,1
DA:121,0
LF:12
LH:10
BRDA:120,0,0,0
BRDA:120,0,1,1
BRF:2
BRH:1
end_of_record
TN:
SF:C:\Users\Mats\projects\ts-vue-proj\src\components\SelectOrList.vue
FN:19,(anonymous_1)
FNF:1
FNH:0
FNDA:0,(anonymous_1)
DA:19,0
LF:1
LH:0
BRF:0
BRH:0
end_of_record
